--------------------------------------------------------------------------------
Release 14.7 Trace  (nt64)
Copyright (c) 1995-2013 Xilinx, Inc.  All rights reserved.

C:\Xilinx\14.7\ISE_DS\ISE\bin\nt64\unwrapped\trce.exe -intstyle ise -v 3 -s 4
-n 3 -fastpaths -xml Exp5.twx Exp5.ncd -o Exp5.twr Exp5.pcf

Design file:              Exp5.ncd
Physical constraint file: Exp5.pcf
Device,package,speed:     xc3s50,pq208,-4 (PRODUCTION 1.39 2013-10-13)
Report level:             verbose report

Environment Variable      Effect 
--------------------      ------ 
NONE                      No environment variables were set
--------------------------------------------------------------------------------

INFO:Timing:2698 - No timing constraints found, doing default enumeration.
INFO:Timing:3412 - To improve timing, see the Timing Closure User Guide (UG612).
INFO:Timing:2752 - To get complete path coverage, use the unconstrained paths 
   option. All paths that are not constrained will be reported in the 
   unconstrained paths section(s) of the report.
INFO:Timing:3339 - The clock-to-out numbers in this timing report are based on 
   a 50 Ohm transmission line loading model.  For the details of this model, 
   and for more information on accounting for different loading conditions, 
   please see the device datasheet.
INFO:Timing:3390 - This architecture does not support a default System Jitter 
   value, please add SYSTEM_JITTER constraint to the UCF to modify the Clock 
   Uncertainty calculation.
INFO:Timing:3389 - This architecture does not support 'Discrete Jitter' and 
   'Phase Error' calculations, these terms will be zero in the Clock 
   Uncertainty calculation.  Please make appropriate modification to 
   SYSTEM_JITTER to account for the unsupported Discrete Jitter and Phase 
   Error.



Data Sheet report:
-----------------
All values displayed in nanoseconds (ns)

Pad to Pad
---------------+---------------+---------+
Source Pad     |Destination Pad|  Delay  |
---------------+---------------+---------+
A<0>           |carry          |   12.608|
A<0>           |sum<0>         |    9.018|
A<0>           |sum<1>         |   12.826|
A<0>           |sum<2>         |   13.146|
A<0>           |sum<3>         |   13.170|
A<1>           |carry          |   11.987|
A<1>           |sum<1>         |   12.205|
A<1>           |sum<2>         |   12.525|
A<1>           |sum<3>         |   12.549|
A<2>           |carry          |   10.936|
A<2>           |sum<1>         |   11.154|
A<2>           |sum<2>         |   11.474|
A<2>           |sum<3>         |   11.498|
A<3>           |carry          |    9.811|
A<3>           |sum<1>         |   10.029|
A<3>           |sum<2>         |   10.349|
A<3>           |sum<3>         |   10.373|
B<0>           |carry          |   12.133|
B<0>           |sum<0>         |    8.543|
B<0>           |sum<1>         |   12.351|
B<0>           |sum<2>         |   12.671|
B<0>           |sum<3>         |   12.695|
B<1>           |carry          |   11.850|
B<1>           |sum<1>         |   12.068|
B<1>           |sum<2>         |   12.388|
B<1>           |sum<3>         |   12.412|
B<2>           |carry          |   11.146|
B<2>           |sum<1>         |   11.364|
B<2>           |sum<2>         |   11.684|
B<2>           |sum<3>         |   11.708|
B<3>           |carry          |    9.716|
B<3>           |sum<1>         |    9.934|
B<3>           |sum<2>         |   10.254|
B<3>           |sum<3>         |   10.278|
C_in           |carry          |   11.723|
C_in           |sum<0>         |    8.639|
C_in           |sum<1>         |   11.941|
C_in           |sum<2>         |   12.261|
C_in           |sum<3>         |   12.285|
---------------+---------------+---------+


Analysis completed Tue Sep 17 15:59:06 2024 
--------------------------------------------------------------------------------

Trace Settings:
-------------------------
Trace Settings 

Peak Memory Usage: 4470 MB



