ISim log file
Running: D:\4VP23AI014\demultiplexer\demux18_isim_beh.exe -intstyle ise -gui -tclbatch isim.cmd -wdb D:/4VP23AI014/demultiplexer/demux18_isim_beh.wdb 
ISim P.20131013 (signature 0x7708f090)
This is a Full version of ISim.
Time resolution is 1 ps
# onerror resume
# wave add /
# run 1000 ns
Simulator is doing circuit initialization process.
Finished circuit initialization process.
# isim force add /demux18/a 0 -radix bin
# isim force add /demux18/a 0 -radix bin
# isim force add /demux18/a 0 -radix bin
# isim force add /demux18/a 0 -radix bin
# isim force add /demux18/en 0 -radix bin
# isim force add /demux18/en 0 -radix bin
# isim force add /demux18/s 000 -radix bin
# isim force add /demux18/s 000 -radix bin
# run 1.00us
# isim force add /demux18/a 1 -radix bin
# isim force add /demux18/a 1 -radix bin
# isim force add /demux18/en 1 -radix bin
# isim force add /demux18/en 1 -radix bin
# run 1.00us
# isim force add /demux18/s 001 -radix bin
# isim force add /demux18/s 001 -radix bin
# run 1.00us
# isim force add /demux18/s 010 -radix bin
# isim force add /demux18/s 010 -radix bin
# run 1.00us
# isim force add /demux18/s 011 -radix bin
# isim force add /demux18/s 011 -radix bin
# run 1.00us
# isim force add /demux18/s 100 -radix bin
# isim force add /demux18/s 100 -radix bin
# run 1.00us
# isim force add /demux18/s 101 -radix bin
# isim force add /demux18/s 101 -radix bin
# run 1.00us
# isim force add /demux18/s 110 -radix bin
# isim force add /demux18/s 110 -radix bin
# run 1.00us
# isim force add /demux18/s 111 -radix bin
# isim force add /demux18/s 111 -radix bin
# run 1.00us
